DEB [20221201-13:36:40.264] thr=1   paramiko.transport: starting thread (client mode): 0x89fe610
DEB [20221201-13:36:40.264] thr=1   paramiko.transport: Local version/idstring: SSH-2.0-paramiko_2.12.0
DEB [20221201-13:36:40.344] thr=1   paramiko.transport: Remote version/idstring: SSH-2.0-OpenSSH_8.4p1 Raspbian-5+deb11u1
INF [20221201-13:36:40.345] thr=1   paramiko.transport: Connected (version 2.0, client OpenSSH_8.4p1)
DEB [20221201-13:36:40.354] thr=1   paramiko.transport: === Key exchange possibilities ===
DEB [20221201-13:36:40.354] thr=1   paramiko.transport: kex algos: curve25519-sha256, curve25519-sha256@libssh.org, ecdh-sha2-nistp256, ecdh-sha2-nistp384, ecdh-sha2-nistp521, diffie-hellman-group-exchange-sha256, diffie-hellman-group16-sha512, diffie-hellman-group18-sha512, diffie-hellman-group14-sha256
DEB [20221201-13:36:40.355] thr=1   paramiko.transport: server key: rsa-sha2-512, rsa-sha2-256, ssh-rsa, ecdsa-sha2-nistp256, ssh-ed25519
DEB [20221201-13:36:40.355] thr=1   paramiko.transport: client encrypt: chacha20-poly1305@openssh.com, aes128-ctr, aes192-ctr, aes256-ctr, aes128-gcm@openssh.com, aes256-gcm@openssh.com
DEB [20221201-13:36:40.355] thr=1   paramiko.transport: server encrypt: chacha20-poly1305@openssh.com, aes128-ctr, aes192-ctr, aes256-ctr, aes128-gcm@openssh.com, aes256-gcm@openssh.com
DEB [20221201-13:36:40.355] thr=1   paramiko.transport: client mac: umac-64-etm@openssh.com, umac-128-etm@openssh.com, hmac-sha2-256-etm@openssh.com, hmac-sha2-512-etm@openssh.com, hmac-sha1-etm@openssh.com, umac-64@openssh.com, umac-128@openssh.com, hmac-sha2-256, hmac-sha2-512, hmac-sha1
DEB [20221201-13:36:40.356] thr=1   paramiko.transport: server mac: umac-64-etm@openssh.com, umac-128-etm@openssh.com, hmac-sha2-256-etm@openssh.com, hmac-sha2-512-etm@openssh.com, hmac-sha1-etm@openssh.com, umac-64@openssh.com, umac-128@openssh.com, hmac-sha2-256, hmac-sha2-512, hmac-sha1
DEB [20221201-13:36:40.356] thr=1   paramiko.transport: client compress: none, zlib@openssh.com
DEB [20221201-13:36:40.356] thr=1   paramiko.transport: server compress: none, zlib@openssh.com
DEB [20221201-13:36:40.356] thr=1   paramiko.transport: client lang: <none>
DEB [20221201-13:36:40.356] thr=1   paramiko.transport: server lang: <none>
DEB [20221201-13:36:40.356] thr=1   paramiko.transport: kex follows: False
DEB [20221201-13:36:40.356] thr=1   paramiko.transport: === Key exchange agreements ===
DEB [20221201-13:36:40.356] thr=1   paramiko.transport: Kex: curve25519-sha256@libssh.org
DEB [20221201-13:36:40.356] thr=1   paramiko.transport: HostKey: ssh-ed25519
DEB [20221201-13:36:40.357] thr=1   paramiko.transport: Cipher: aes128-ctr
DEB [20221201-13:36:40.357] thr=1   paramiko.transport: MAC: hmac-sha2-256
DEB [20221201-13:36:40.357] thr=1   paramiko.transport: Compression: none
DEB [20221201-13:36:40.357] thr=1   paramiko.transport: === End of kex handshake ===
DEB [20221201-13:36:40.388] thr=1   paramiko.transport: kex engine KexCurve25519 specified hash_algo <built-in function openssl_sha256>
DEB [20221201-13:36:40.390] thr=1   paramiko.transport: Switch to new keys ...
DEB [20221201-13:36:40.393] thr=1   paramiko.transport: Got EXT_INFO: {'server-sig-algs': b'ssh-ed25519,sk-ssh-ed25519@openssh.com,ssh-rsa,rsa-sha2-256,rsa-sha2-512,ssh-dss,ecdsa-sha2-nistp256,ecdsa-sha2-nistp384,ecdsa-sha2-nistp521,sk-ecdsa-sha2-nistp256@openssh.com,webauthn-sk-ecdsa-sha2-nistp256@openssh.com'}
DEB [20221201-13:36:40.393] thr=2   paramiko.transport: Attempting password auth...
DEB [20221201-13:36:40.429] thr=1   paramiko.transport: userauth is OK
INF [20221201-13:36:40.790] thr=1   paramiko.transport: Authentication (password) successful!
DEB [20221201-13:36:40.813] thr=3   paramiko.transport: [chan 0] Max packet in: 32768 bytes
DEB [20221201-13:36:40.977] thr=1   paramiko.transport: Received global request "hostkeys-00@openssh.com"
DEB [20221201-13:36:40.977] thr=1   paramiko.transport: Rejecting "hostkeys-00@openssh.com" global request from server.
DEB [20221201-13:36:40.977] thr=1   paramiko.transport: [chan 0] Max packet out: 32768 bytes
DEB [20221201-13:36:40.977] thr=1   paramiko.transport: Secsh channel 0 opened.
DEB [20221201-13:36:40.980] thr=1   paramiko.transport: [chan 0] Sesch channel 0 request ok
INF [20221201-13:36:40.992] thr=3   paramiko.transport.sftp: [chan 0] Opened sftp connection (server version 3)
DEB [20221201-13:36:40.993] thr=3   paramiko.transport.sftp: [chan 0] stat(b'/')
INF [20221201-13:36:40.994] thr=3   paramiko.transport.sftp: [chan 0] sftp session closed.
DEB [20221201-13:36:40.994] thr=3   paramiko.transport: [chan 0] EOF sent (0)
DEB [20221201-13:36:40.996] thr=1   paramiko.transport: [chan 0] EOF received (0)
DEB [20221201-13:36:41.025] thr=4   paramiko.transport: [chan 1] Max packet in: 32768 bytes
DEB [20221201-13:36:41.040] thr=1   paramiko.transport: [chan 1] Max packet out: 32768 bytes
DEB [20221201-13:36:41.040] thr=1   paramiko.transport: Secsh channel 1 opened.
DEB [20221201-13:36:41.043] thr=1   paramiko.transport: [chan 1] Sesch channel 1 request ok
INF [20221201-13:36:41.055] thr=4   paramiko.transport.sftp: [chan 1] Opened sftp connection (server version 3)
DEB [20221201-13:36:41.055] thr=4   paramiko.transport.sftp: [chan 1] listdir(b'/')
DEB [20221201-13:36:41.061] thr=4   paramiko.transport.sftp: [chan 1] stat(b'/sys')
DEB [20221201-13:36:41.062] thr=4   paramiko.transport.sftp: [chan 1] stat(b'/boot')
DEB [20221201-13:36:41.063] thr=4   paramiko.transport.sftp: [chan 1] stat(b'/proc')
DEB [20221201-13:36:41.064] thr=4   paramiko.transport.sftp: [chan 1] stat(b'/home')
DEB [20221201-13:36:41.065] thr=4   paramiko.transport.sftp: [chan 1] stat(b'/run')
DEB [20221201-13:36:41.066] thr=4   paramiko.transport.sftp: [chan 1] stat(b'/mnt')
DEB [20221201-13:36:41.067] thr=4   paramiko.transport.sftp: [chan 1] stat(b'/srv')
DEB [20221201-13:36:41.069] thr=4   paramiko.transport.sftp: [chan 1] stat(b'/etc')
DEB [20221201-13:36:41.071] thr=4   paramiko.transport.sftp: [chan 1] stat(b'/root')
DEB [20221201-13:36:41.072] thr=4   paramiko.transport.sftp: [chan 1] stat(b'/usr')
DEB [20221201-13:36:41.074] thr=4   paramiko.transport.sftp: [chan 1] stat(b'/lib')
DEB [20221201-13:36:41.075] thr=4   paramiko.transport.sftp: [chan 1] stat(b'/opt')
DEB [20221201-13:36:41.077] thr=4   paramiko.transport.sftp: [chan 1] stat(b'/var')
DEB [20221201-13:36:41.079] thr=4   paramiko.transport.sftp: [chan 1] stat(b'/dev')
DEB [20221201-13:36:41.080] thr=4   paramiko.transport.sftp: [chan 1] stat(b'/bin')
DEB [20221201-13:36:41.082] thr=4   paramiko.transport.sftp: [chan 1] stat(b'/lost+found')
DEB [20221201-13:36:41.083] thr=4   paramiko.transport.sftp: [chan 1] stat(b'/sbin')
DEB [20221201-13:36:41.084] thr=4   paramiko.transport.sftp: [chan 1] stat(b'/tmp')
DEB [20221201-13:36:41.086] thr=4   paramiko.transport.sftp: [chan 1] stat(b'/media')
INF [20221201-13:36:41.087] thr=4   paramiko.transport.sftp: [chan 1] sftp session closed.
DEB [20221201-13:36:41.087] thr=4   paramiko.transport: [chan 1] EOF sent (1)
DEB [20221201-13:36:41.090] thr=1   paramiko.transport: [chan 1] EOF received (1)
DEB [20221201-13:36:42.727] thr=5   paramiko.transport: [chan 2] Max packet in: 32768 bytes
DEB [20221201-13:36:42.729] thr=1   paramiko.transport: [chan 2] Max packet out: 32768 bytes
DEB [20221201-13:36:42.730] thr=1   paramiko.transport: Secsh channel 2 opened.
DEB [20221201-13:36:42.736] thr=1   paramiko.transport: [chan 2] Sesch channel 2 request ok
INF [20221201-13:36:42.768] thr=5   paramiko.transport.sftp: [chan 2] Opened sftp connection (server version 3)
DEB [20221201-13:36:42.768] thr=5   paramiko.transport.sftp: [chan 2] listdir(b'/home')
DEB [20221201-13:36:42.774] thr=5   paramiko.transport.sftp: [chan 2] stat(b'/home/pi')
INF [20221201-13:36:42.775] thr=5   paramiko.transport.sftp: [chan 2] sftp session closed.
DEB [20221201-13:36:42.776] thr=5   paramiko.transport: [chan 2] EOF sent (2)
DEB [20221201-13:36:42.779] thr=1   paramiko.transport: [chan 2] EOF received (2)
DEB [20221201-13:36:43.769] thr=6   paramiko.transport: [chan 3] Max packet in: 32768 bytes
DEB [20221201-13:36:43.772] thr=1   paramiko.transport: [chan 3] Max packet out: 32768 bytes
DEB [20221201-13:36:43.772] thr=1   paramiko.transport: Secsh channel 3 opened.
DEB [20221201-13:36:43.777] thr=1   paramiko.transport: [chan 3] Sesch channel 3 request ok
INF [20221201-13:36:43.814] thr=6   paramiko.transport.sftp: [chan 3] Opened sftp connection (server version 3)
DEB [20221201-13:36:43.814] thr=6   paramiko.transport.sftp: [chan 3] listdir(b'/home/pi')
DEB [20221201-13:36:43.826] thr=6   paramiko.transport.sftp: [chan 3] stat(b'/home/pi/filebackend2')
DEB [20221201-13:36:43.829] thr=6   paramiko.transport.sftp: [chan 3] stat(b'/home/pi/.config')
DEB [20221201-13:36:43.832] thr=6   paramiko.transport.sftp: [chan 3] stat(b'/home/pi/.xsession-errors')
DEB [20221201-13:36:43.833] thr=6   paramiko.transport.sftp: [chan 3] stat(b'/home/pi/Templates')
DEB [20221201-13:36:43.836] thr=6   paramiko.transport.sftp: [chan 3] stat(b'/home/pi/Documents')
DEB [20221201-13:36:43.839] thr=6   paramiko.transport.sftp: [chan 3] stat(b'/home/pi/.bash_history')
DEB [20221201-13:36:43.840] thr=6   paramiko.transport.sftp: [chan 3] stat(b'/home/pi/miraidc2-signage')
DEB [20221201-13:36:43.842] thr=6   paramiko.transport.sftp: [chan 3] stat(b'/home/pi/Desktop')
DEB [20221201-13:36:43.844] thr=6   paramiko.transport.sftp: [chan 3] stat(b'/home/pi/filebackend')
DEB [20221201-13:36:43.846] thr=6   paramiko.transport.sftp: [chan 3] stat(b'/home/pi/.xsession-errors.old')
DEB [20221201-13:36:43.848] thr=6   paramiko.transport.sftp: [chan 3] stat(b'/home/pi/.npm')
DEB [20221201-13:36:43.849] thr=6   paramiko.transport.sftp: [chan 3] stat(b'/home/pi/.local')
DEB [20221201-13:36:43.852] thr=6   paramiko.transport.sftp: [chan 3] stat(b'/home/pi/.vnc')
DEB [20221201-13:36:43.855] thr=6   paramiko.transport.sftp: [chan 3] stat(b'/home/pi/.lesshst')
DEB [20221201-13:36:43.856] thr=6   paramiko.transport.sftp: [chan 3] stat(b'/home/pi/index.php')
DEB [20221201-13:36:43.857] thr=6   paramiko.transport.sftp: [chan 3] stat(b'/home/pi/.pp_backup')
DEB [20221201-13:36:43.861] thr=6   paramiko.transport.sftp: [chan 3] stat(b'/home/pi/Bookshelf')
DEB [20221201-13:36:43.863] thr=6   paramiko.transport.sftp: [chan 3] stat(b'/home/pi/Public')
DEB [20221201-13:36:43.865] thr=6   paramiko.transport.sftp: [chan 3] stat(b'/home/pi/.cups.zip')
DEB [20221201-13:36:43.868] thr=6   paramiko.transport.sftp: [chan 3] stat(b'/home/pi/.cups')
DEB [20221201-13:36:43.871] thr=6   paramiko.transport.sftp: [chan 3] stat(b'/home/pi/Videos')
DEB [20221201-13:36:43.878] thr=6   paramiko.transport.sftp: [chan 3] stat(b'/home/pi/.bashrc')
DEB [20221201-13:36:43.882] thr=6   paramiko.transport.sftp: [chan 3] stat(b'/home/pi/.Xauthority')
DEB [20221201-13:36:43.885] thr=6   paramiko.transport.sftp: [chan 3] stat(b'/home/pi/Pictures')
DEB [20221201-13:36:43.887] thr=6   paramiko.transport.sftp: [chan 3] stat(b'/home/pi/.bash_logout')
DEB [20221201-13:36:43.888] thr=6   paramiko.transport.sftp: [chan 3] stat(b'/home/pi/.pki')
DEB [20221201-13:36:43.890] thr=6   paramiko.transport.sftp: [chan 3] stat(b'/home/pi/.python_history')
DEB [20221201-13:36:43.892] thr=6   paramiko.transport.sftp: [chan 3] stat(b'/home/pi/.cache')
DEB [20221201-13:36:43.894] thr=6   paramiko.transport.sftp: [chan 3] stat(b'/home/pi/Downloads')
DEB [20221201-13:36:43.895] thr=6   paramiko.transport.sftp: [chan 3] stat(b'/home/pi/Music')
INF [20221201-13:36:43.896] thr=6   paramiko.transport.sftp: [chan 3] sftp session closed.
DEB [20221201-13:36:43.897] thr=6   paramiko.transport: [chan 3] EOF sent (3)
DEB [20221201-13:36:43.902] thr=1   paramiko.transport: [chan 3] EOF received (3)
DEB [20221201-13:36:45.815] thr=7   paramiko.transport: [chan 4] Max packet in: 32768 bytes
DEB [20221201-13:36:45.818] thr=1   paramiko.transport: [chan 4] Max packet out: 32768 bytes
DEB [20221201-13:36:45.818] thr=1   paramiko.transport: Secsh channel 4 opened.
DEB [20221201-13:36:45.823] thr=1   paramiko.transport: [chan 4] Sesch channel 4 request ok
INF [20221201-13:36:45.859] thr=7   paramiko.transport.sftp: [chan 4] Opened sftp connection (server version 3)
DEB [20221201-13:36:45.859] thr=7   paramiko.transport.sftp: [chan 4] listdir(b'/home/pi/Downloads')
DEB [20221201-13:36:45.869] thr=7   paramiko.transport.sftp: [chan 4] stat(b'/home/pi/Downloads/37+Wireless+Fundamentals+Lab+Exercises')
DEB [20221201-13:36:45.871] thr=7   paramiko.transport.sftp: [chan 4] stat(b'/home/pi/Downloads/FileZilla.dmg')
DEB [20221201-13:36:45.872] thr=7   paramiko.transport.sftp: [chan 4] stat(b'/home/pi/Downloads/tesst')
DEB [20221201-13:36:45.874] thr=7   paramiko.transport.sftp: [chan 4] stat(b'/home/pi/Downloads/access_log.13.gz')
DEB [20221201-13:36:45.875] thr=7   paramiko.transport.sftp: [chan 4] stat(b'/home/pi/Downloads/JLPT_Senseis_N3_Grammar_Deck.apkg')
DEB [20221201-13:36:45.878] thr=7   paramiko.transport.sftp: [chan 4] stat(b'/home/pi/Downloads/top_img01_idc2.png')
DEB [20221201-13:36:45.880] thr=7   paramiko.transport.sftp: [chan 4] stat(b'/home/pi/Downloads/.DS_Store')
DEB [20221201-13:36:45.881] thr=7   paramiko.transport.sftp: [chan 4] stat(b'/home/pi/Downloads/ubuntu-22.04.1-live-server-arm64.iso')
INF [20221201-13:36:45.883] thr=7   paramiko.transport.sftp: [chan 4] sftp session closed.
DEB [20221201-13:36:45.883] thr=7   paramiko.transport: [chan 4] EOF sent (4)
DEB [20221201-13:36:45.890] thr=1   paramiko.transport: [chan 4] EOF received (4)
DEB [20221201-13:36:48.270] thr=8   paramiko.transport: [chan 5] Max packet in: 32768 bytes
DEB [20221201-13:36:48.273] thr=1   paramiko.transport: [chan 5] Max packet out: 32768 bytes
DEB [20221201-13:36:48.273] thr=1   paramiko.transport: Secsh channel 5 opened.
DEB [20221201-13:36:48.283] thr=1   paramiko.transport: [chan 5] Sesch channel 5 request ok
INF [20221201-13:36:48.313] thr=8   paramiko.transport.sftp: [chan 5] Opened sftp connection (server version 3)
DEB [20221201-13:36:48.314] thr=8   paramiko.transport.sftp: [chan 5] stat(b'/home/pi/Downloads/ubuntu-22.04.1-live-server-arm64.iso')
DEB [20221201-13:36:48.316] thr=8   paramiko.transport.sftp: [chan 5] remove(b'/home/pi/Downloads/ubuntu-22.04.1-live-server-arm64.iso')
INF [20221201-13:36:48.509] thr=8   paramiko.transport.sftp: [chan 5] sftp session closed.
DEB [20221201-13:36:48.510] thr=8   paramiko.transport: [chan 5] EOF sent (5)
DEB [20221201-13:36:48.731] thr=9   paramiko.transport: [chan 6] Max packet in: 32768 bytes
DEB [20221201-13:36:48.732] thr=1   paramiko.transport: [chan 6] Max packet out: 32768 bytes
DEB [20221201-13:36:48.732] thr=1   paramiko.transport: Secsh channel 6 opened.
DEB [20221201-13:36:48.735] thr=1   paramiko.transport: [chan 6] Sesch channel 6 request ok
INF [20221201-13:36:48.747] thr=9   paramiko.transport.sftp: [chan 6] Opened sftp connection (server version 3)
DEB [20221201-13:36:48.747] thr=9   paramiko.transport.sftp: [chan 6] listdir(b'/')
DEB [20221201-13:36:48.751] thr=9   paramiko.transport.sftp: [chan 6] stat(b'/sys')
DEB [20221201-13:36:48.752] thr=9   paramiko.transport.sftp: [chan 6] stat(b'/boot')
DEB [20221201-13:36:48.753] thr=9   paramiko.transport.sftp: [chan 6] stat(b'/proc')
DEB [20221201-13:36:48.754] thr=9   paramiko.transport.sftp: [chan 6] stat(b'/home')
DEB [20221201-13:36:48.755] thr=9   paramiko.transport.sftp: [chan 6] stat(b'/run')
DEB [20221201-13:36:48.755] thr=9   paramiko.transport.sftp: [chan 6] stat(b'/mnt')
DEB [20221201-13:36:48.756] thr=9   paramiko.transport.sftp: [chan 6] stat(b'/srv')
DEB [20221201-13:36:48.757] thr=9   paramiko.transport.sftp: [chan 6] stat(b'/etc')
DEB [20221201-13:36:48.758] thr=9   paramiko.transport.sftp: [chan 6] stat(b'/root')
DEB [20221201-13:36:48.758] thr=9   paramiko.transport.sftp: [chan 6] stat(b'/usr')
DEB [20221201-13:36:48.759] thr=9   paramiko.transport.sftp: [chan 6] stat(b'/lib')
DEB [20221201-13:36:48.760] thr=9   paramiko.transport.sftp: [chan 6] stat(b'/opt')
DEB [20221201-13:36:48.760] thr=9   paramiko.transport.sftp: [chan 6] stat(b'/var')
DEB [20221201-13:36:48.761] thr=9   paramiko.transport.sftp: [chan 6] stat(b'/dev')
DEB [20221201-13:36:48.762] thr=9   paramiko.transport.sftp: [chan 6] stat(b'/bin')
DEB [20221201-13:36:48.763] thr=9   paramiko.transport.sftp: [chan 6] stat(b'/lost+found')
DEB [20221201-13:36:48.763] thr=9   paramiko.transport.sftp: [chan 6] stat(b'/sbin')
DEB [20221201-13:36:48.764] thr=9   paramiko.transport.sftp: [chan 6] stat(b'/tmp')
DEB [20221201-13:36:48.765] thr=9   paramiko.transport.sftp: [chan 6] stat(b'/media')
INF [20221201-13:36:48.765] thr=9   paramiko.transport.sftp: [chan 6] sftp session closed.
DEB [20221201-13:36:48.765] thr=9   paramiko.transport: [chan 6] EOF sent (6)
DEB [20221201-13:36:48.767] thr=1   paramiko.transport: [chan 6] EOF received (6)
DEB [20221201-13:36:48.894] thr=10  paramiko.transport: [chan 7] Max packet in: 32768 bytes
DEB [20221201-13:36:48.895] thr=1   paramiko.transport: [chan 7] Max packet out: 32768 bytes
DEB [20221201-13:36:48.895] thr=1   paramiko.transport: Secsh channel 7 opened.
DEB [20221201-13:36:48.898] thr=1   paramiko.transport: [chan 7] Sesch channel 7 request ok
INF [20221201-13:36:48.910] thr=10  paramiko.transport.sftp: [chan 7] Opened sftp connection (server version 3)
DEB [20221201-13:36:48.910] thr=10  paramiko.transport.sftp: [chan 7] listdir(b'/home')
DEB [20221201-13:36:48.915] thr=10  paramiko.transport.sftp: [chan 7] stat(b'/home/pi')
INF [20221201-13:36:48.916] thr=10  paramiko.transport.sftp: [chan 7] sftp session closed.
DEB [20221201-13:36:48.916] thr=10  paramiko.transport: [chan 7] EOF sent (7)
DEB [20221201-13:36:48.918] thr=1   paramiko.transport: [chan 7] EOF received (7)
DEB [20221201-13:36:49.052] thr=11  paramiko.transport: [chan 8] Max packet in: 32768 bytes
DEB [20221201-13:36:49.054] thr=1   paramiko.transport: [chan 8] Max packet out: 32768 bytes
DEB [20221201-13:36:49.054] thr=1   paramiko.transport: Secsh channel 8 opened.
DEB [20221201-13:36:49.057] thr=1   paramiko.transport: [chan 8] Sesch channel 8 request ok
INF [20221201-13:36:49.069] thr=11  paramiko.transport.sftp: [chan 8] Opened sftp connection (server version 3)
DEB [20221201-13:36:49.070] thr=11  paramiko.transport.sftp: [chan 8] listdir(b'/home/pi')
DEB [20221201-13:36:49.079] thr=11  paramiko.transport.sftp: [chan 8] stat(b'/home/pi/filebackend2')
DEB [20221201-13:36:49.081] thr=11  paramiko.transport.sftp: [chan 8] stat(b'/home/pi/.config')
DEB [20221201-13:36:49.083] thr=11  paramiko.transport.sftp: [chan 8] stat(b'/home/pi/.xsession-errors')
DEB [20221201-13:36:49.084] thr=11  paramiko.transport.sftp: [chan 8] stat(b'/home/pi/Templates')
DEB [20221201-13:36:49.087] thr=11  paramiko.transport.sftp: [chan 8] stat(b'/home/pi/Documents')
DEB [20221201-13:36:49.091] thr=11  paramiko.transport.sftp: [chan 8] stat(b'/home/pi/.bash_history')
DEB [20221201-13:36:49.093] thr=11  paramiko.transport.sftp: [chan 8] stat(b'/home/pi/miraidc2-signage')
DEB [20221201-13:36:49.094] thr=11  paramiko.transport.sftp: [chan 8] stat(b'/home/pi/Desktop')
DEB [20221201-13:36:49.096] thr=11  paramiko.transport.sftp: [chan 8] stat(b'/home/pi/filebackend')
DEB [20221201-13:36:49.098] thr=11  paramiko.transport.sftp: [chan 8] stat(b'/home/pi/.xsession-errors.old')
DEB [20221201-13:36:49.099] thr=11  paramiko.transport.sftp: [chan 8] stat(b'/home/pi/.npm')
DEB [20221201-13:36:49.101] thr=11  paramiko.transport.sftp: [chan 8] stat(b'/home/pi/.local')
DEB [20221201-13:36:49.103] thr=11  paramiko.transport.sftp: [chan 8] stat(b'/home/pi/.vnc')
DEB [20221201-13:36:49.105] thr=11  paramiko.transport.sftp: [chan 8] stat(b'/home/pi/.lesshst')
DEB [20221201-13:36:49.106] thr=11  paramiko.transport.sftp: [chan 8] stat(b'/home/pi/index.php')
DEB [20221201-13:36:49.108] thr=11  paramiko.transport.sftp: [chan 8] stat(b'/home/pi/.pp_backup')
DEB [20221201-13:36:49.109] thr=11  paramiko.transport.sftp: [chan 8] stat(b'/home/pi/Bookshelf')
DEB [20221201-13:36:49.110] thr=11  paramiko.transport.sftp: [chan 8] stat(b'/home/pi/Public')
DEB [20221201-13:36:49.111] thr=11  paramiko.transport.sftp: [chan 8] stat(b'/home/pi/.cups.zip')
DEB [20221201-13:36:49.113] thr=11  paramiko.transport.sftp: [chan 8] stat(b'/home/pi/.cups')
DEB [20221201-13:36:49.114] thr=11  paramiko.transport.sftp: [chan 8] stat(b'/home/pi/Videos')
DEB [20221201-13:36:49.115] thr=11  paramiko.transport.sftp: [chan 8] stat(b'/home/pi/.bashrc')
DEB [20221201-13:36:49.116] thr=11  paramiko.transport.sftp: [chan 8] stat(b'/home/pi/.Xauthority')
DEB [20221201-13:36:49.118] thr=11  paramiko.transport.sftp: [chan 8] stat(b'/home/pi/Pictures')
DEB [20221201-13:36:49.119] thr=11  paramiko.transport.sftp: [chan 8] stat(b'/home/pi/.bash_logout')
DEB [20221201-13:36:49.122] thr=11  paramiko.transport.sftp: [chan 8] stat(b'/home/pi/.pki')
DEB [20221201-13:36:49.124] thr=11  paramiko.transport.sftp: [chan 8] stat(b'/home/pi/.python_history')
DEB [20221201-13:36:49.125] thr=11  paramiko.transport.sftp: [chan 8] stat(b'/home/pi/.cache')
DEB [20221201-13:36:49.127] thr=11  paramiko.transport.sftp: [chan 8] stat(b'/home/pi/Downloads')
DEB [20221201-13:36:49.130] thr=11  paramiko.transport.sftp: [chan 8] stat(b'/home/pi/Music')
INF [20221201-13:36:49.132] thr=11  paramiko.transport.sftp: [chan 8] sftp session closed.
DEB [20221201-13:36:49.132] thr=11  paramiko.transport: [chan 8] EOF sent (8)
DEB [20221201-13:36:49.141] thr=1   paramiko.transport: [chan 8] EOF received (8)
DEB [20221201-13:36:49.326] thr=12  paramiko.transport: [chan 9] Max packet in: 32768 bytes
DEB [20221201-13:36:49.328] thr=1   paramiko.transport: [chan 9] Max packet out: 32768 bytes
DEB [20221201-13:36:49.328] thr=1   paramiko.transport: Secsh channel 9 opened.
DEB [20221201-13:36:49.333] thr=1   paramiko.transport: [chan 9] Sesch channel 9 request ok
INF [20221201-13:36:49.366] thr=12  paramiko.transport.sftp: [chan 9] Opened sftp connection (server version 3)
DEB [20221201-13:36:49.366] thr=12  paramiko.transport.sftp: [chan 9] listdir(b'/home/pi/Downloads')
DEB [20221201-13:36:49.377] thr=12  paramiko.transport.sftp: [chan 9] stat(b'/home/pi/Downloads/37+Wireless+Fundamentals+Lab+Exercises')
DEB [20221201-13:36:49.380] thr=12  paramiko.transport.sftp: [chan 9] stat(b'/home/pi/Downloads/FileZilla.dmg')
DEB [20221201-13:36:49.381] thr=12  paramiko.transport.sftp: [chan 9] stat(b'/home/pi/Downloads/tesst')
DEB [20221201-13:36:49.383] thr=12  paramiko.transport.sftp: [chan 9] stat(b'/home/pi/Downloads/access_log.13.gz')
DEB [20221201-13:36:49.384] thr=12  paramiko.transport.sftp: [chan 9] stat(b'/home/pi/Downloads/JLPT_Senseis_N3_Grammar_Deck.apkg')
DEB [20221201-13:36:49.385] thr=12  paramiko.transport.sftp: [chan 9] stat(b'/home/pi/Downloads/top_img01_idc2.png')
DEB [20221201-13:36:49.387] thr=12  paramiko.transport.sftp: [chan 9] stat(b'/home/pi/Downloads/.DS_Store')
INF [20221201-13:36:49.388] thr=12  paramiko.transport.sftp: [chan 9] sftp session closed.
DEB [20221201-13:36:49.388] thr=12  paramiko.transport: [chan 9] EOF sent (9)
DEB [20221201-13:36:49.391] thr=1   paramiko.transport: [chan 9] EOF received (9)
DEB [20221201-13:36:50.551] thr=13  paramiko.transport: [chan 10] Max packet in: 32768 bytes
DEB [20221201-13:36:50.555] thr=1   paramiko.transport: [chan 10] Max packet out: 32768 bytes
DEB [20221201-13:36:50.555] thr=1   paramiko.transport: Secsh channel 10 opened.
DEB [20221201-13:36:50.561] thr=1   paramiko.transport: [chan 10] Sesch channel 10 request ok
INF [20221201-13:36:50.594] thr=13  paramiko.transport.sftp: [chan 10] Opened sftp connection (server version 3)
DEB [20221201-13:36:50.594] thr=13  paramiko.transport.sftp: [chan 10] stat(b'/home/pi/Downloads')
DEB [20221201-13:36:50.596] thr=13  paramiko.transport.sftp: [chan 10] open(b'/home/pi/Downloads/ubuntu-22.04.1-live-server-arm64.iso', 'wb')
DEB [20221201-13:36:50.597] thr=13  paramiko.transport.sftp: [chan 10] open(b'/home/pi/Downloads/ubuntu-22.04.1-live-server-arm64.iso', 'wb') -> 00000000
DEB [20221201-13:37:11.383] thr=13  paramiko.transport: Rekeying (hit 32832 packets, 536877392 bytes sent)
DEB [20221201-13:37:11.387] thr=1   paramiko.transport: === Key exchange possibilities ===
DEB [20221201-13:37:11.387] thr=1   paramiko.transport: kex algos: curve25519-sha256, curve25519-sha256@libssh.org, ecdh-sha2-nistp256, ecdh-sha2-nistp384, ecdh-sha2-nistp521, diffie-hellman-group-exchange-sha256, diffie-hellman-group16-sha512, diffie-hellman-group18-sha512, diffie-hellman-group14-sha256
DEB [20221201-13:37:11.387] thr=1   paramiko.transport: server key: rsa-sha2-512, rsa-sha2-256, ssh-rsa, ecdsa-sha2-nistp256, ssh-ed25519
DEB [20221201-13:37:11.387] thr=1   paramiko.transport: client encrypt: chacha20-poly1305@openssh.com, aes128-ctr, aes192-ctr, aes256-ctr, aes128-gcm@openssh.com, aes256-gcm@openssh.com
DEB [20221201-13:37:11.387] thr=1   paramiko.transport: server encrypt: chacha20-poly1305@openssh.com, aes128-ctr, aes192-ctr, aes256-ctr, aes128-gcm@openssh.com, aes256-gcm@openssh.com
DEB [20221201-13:37:11.387] thr=1   paramiko.transport: client mac: umac-64-etm@openssh.com, umac-128-etm@openssh.com, hmac-sha2-256-etm@openssh.com, hmac-sha2-512-etm@openssh.com, hmac-sha1-etm@openssh.com, umac-64@openssh.com, umac-128@openssh.com, hmac-sha2-256, hmac-sha2-512, hmac-sha1
DEB [20221201-13:37:11.387] thr=1   paramiko.transport: server mac: umac-64-etm@openssh.com, umac-128-etm@openssh.com, hmac-sha2-256-etm@openssh.com, hmac-sha2-512-etm@openssh.com, hmac-sha1-etm@openssh.com, umac-64@openssh.com, umac-128@openssh.com, hmac-sha2-256, hmac-sha2-512, hmac-sha1
DEB [20221201-13:37:11.387] thr=1   paramiko.transport: client compress: none, zlib@openssh.com
DEB [20221201-13:37:11.387] thr=1   paramiko.transport: server compress: none, zlib@openssh.com
DEB [20221201-13:37:11.387] thr=1   paramiko.transport: client lang: <none>
DEB [20221201-13:37:11.387] thr=1   paramiko.transport: server lang: <none>
DEB [20221201-13:37:11.387] thr=1   paramiko.transport: kex follows: False
DEB [20221201-13:37:11.387] thr=1   paramiko.transport: === Key exchange agreements ===
DEB [20221201-13:37:11.387] thr=1   paramiko.transport: Kex: curve25519-sha256@libssh.org
DEB [20221201-13:37:11.387] thr=1   paramiko.transport: HostKey: ssh-ed25519
DEB [20221201-13:37:11.387] thr=1   paramiko.transport: Cipher: aes128-ctr
DEB [20221201-13:37:11.387] thr=1   paramiko.transport: MAC: hmac-sha2-256
DEB [20221201-13:37:11.387] thr=1   paramiko.transport: Compression: none
DEB [20221201-13:37:11.387] thr=1   paramiko.transport: === End of kex handshake ===
DEB [20221201-13:37:11.403] thr=1   paramiko.transport: Switch to new keys ...
DEB [20221201-13:37:27.564] thr=1   paramiko.transport: starting thread (client mode): 0x7ee2b0
DEB [20221201-13:37:27.565] thr=1   paramiko.transport: Local version/idstring: SSH-2.0-paramiko_2.12.0
DEB [20221201-13:37:27.634] thr=1   paramiko.transport: Remote version/idstring: SSH-2.0-OpenSSH_8.4p1 Raspbian-5+deb11u1
INF [20221201-13:37:27.635] thr=1   paramiko.transport: Connected (version 2.0, client OpenSSH_8.4p1)
DEB [20221201-13:37:27.639] thr=1   paramiko.transport: === Key exchange possibilities ===
DEB [20221201-13:37:27.640] thr=1   paramiko.transport: kex algos: curve25519-sha256, curve25519-sha256@libssh.org, ecdh-sha2-nistp256, ecdh-sha2-nistp384, ecdh-sha2-nistp521, diffie-hellman-group-exchange-sha256, diffie-hellman-group16-sha512, diffie-hellman-group18-sha512, diffie-hellman-group14-sha256
DEB [20221201-13:37:27.640] thr=1   paramiko.transport: server key: rsa-sha2-512, rsa-sha2-256, ssh-rsa, ecdsa-sha2-nistp256, ssh-ed25519
DEB [20221201-13:37:27.640] thr=1   paramiko.transport: client encrypt: chacha20-poly1305@openssh.com, aes128-ctr, aes192-ctr, aes256-ctr, aes128-gcm@openssh.com, aes256-gcm@openssh.com
DEB [20221201-13:37:27.640] thr=1   paramiko.transport: server encrypt: chacha20-poly1305@openssh.com, aes128-ctr, aes192-ctr, aes256-ctr, aes128-gcm@openssh.com, aes256-gcm@openssh.com
DEB [20221201-13:37:27.640] thr=1   paramiko.transport: client mac: umac-64-etm@openssh.com, umac-128-etm@openssh.com, hmac-sha2-256-etm@openssh.com, hmac-sha2-512-etm@openssh.com, hmac-sha1-etm@openssh.com, umac-64@openssh.com, umac-128@openssh.com, hmac-sha2-256, hmac-sha2-512, hmac-sha1
DEB [20221201-13:37:27.640] thr=1   paramiko.transport: server mac: umac-64-etm@openssh.com, umac-128-etm@openssh.com, hmac-sha2-256-etm@openssh.com, hmac-sha2-512-etm@openssh.com, hmac-sha1-etm@openssh.com, umac-64@openssh.com, umac-128@openssh.com, hmac-sha2-256, hmac-sha2-512, hmac-sha1
DEB [20221201-13:37:27.640] thr=1   paramiko.transport: client compress: none, zlib@openssh.com
DEB [20221201-13:37:27.640] thr=1   paramiko.transport: server compress: none, zlib@openssh.com
DEB [20221201-13:37:27.640] thr=1   paramiko.transport: client lang: <none>
DEB [20221201-13:37:27.640] thr=1   paramiko.transport: server lang: <none>
DEB [20221201-13:37:27.640] thr=1   paramiko.transport: kex follows: False
DEB [20221201-13:37:27.640] thr=1   paramiko.transport: === Key exchange agreements ===
DEB [20221201-13:37:27.641] thr=1   paramiko.transport: Kex: curve25519-sha256@libssh.org
DEB [20221201-13:37:27.641] thr=1   paramiko.transport: HostKey: ssh-ed25519
DEB [20221201-13:37:27.641] thr=1   paramiko.transport: Cipher: aes128-ctr
DEB [20221201-13:37:27.641] thr=1   paramiko.transport: MAC: hmac-sha2-256
DEB [20221201-13:37:27.641] thr=1   paramiko.transport: Compression: none
DEB [20221201-13:37:27.641] thr=1   paramiko.transport: === End of kex handshake ===
DEB [20221201-13:37:27.671] thr=1   paramiko.transport: kex engine KexCurve25519 specified hash_algo <built-in function openssl_sha256>
DEB [20221201-13:37:27.673] thr=1   paramiko.transport: Switch to new keys ...
DEB [20221201-13:37:27.681] thr=1   paramiko.transport: Got EXT_INFO: {'server-sig-algs': b'ssh-ed25519,sk-ssh-ed25519@openssh.com,ssh-rsa,rsa-sha2-256,rsa-sha2-512,ssh-dss,ecdsa-sha2-nistp256,ecdsa-sha2-nistp384,ecdsa-sha2-nistp521,sk-ecdsa-sha2-nistp256@openssh.com,webauthn-sk-ecdsa-sha2-nistp256@openssh.com'}
DEB [20221201-13:37:27.681] thr=2   paramiko.transport: Attempting password auth...
DEB [20221201-13:37:27.718] thr=1   paramiko.transport: userauth is OK
INF [20221201-13:37:28.079] thr=1   paramiko.transport: Authentication (password) successful!
DEB [20221201-13:37:28.090] thr=3   paramiko.transport: [chan 0] Max packet in: 32768 bytes
DEB [20221201-13:37:28.266] thr=1   paramiko.transport: Received global request "hostkeys-00@openssh.com"
DEB [20221201-13:37:28.266] thr=1   paramiko.transport: Rejecting "hostkeys-00@openssh.com" global request from server.
DEB [20221201-13:37:28.267] thr=1   paramiko.transport: [chan 0] Max packet out: 32768 bytes
DEB [20221201-13:37:28.267] thr=1   paramiko.transport: Secsh channel 0 opened.
DEB [20221201-13:37:28.270] thr=1   paramiko.transport: [chan 0] Sesch channel 0 request ok
INF [20221201-13:37:28.283] thr=3   paramiko.transport.sftp: [chan 0] Opened sftp connection (server version 3)
DEB [20221201-13:37:28.283] thr=3   paramiko.transport.sftp: [chan 0] stat(b'/')
INF [20221201-13:37:28.284] thr=3   paramiko.transport.sftp: [chan 0] sftp session closed.
DEB [20221201-13:37:28.284] thr=3   paramiko.transport: [chan 0] EOF sent (0)
DEB [20221201-13:37:28.286] thr=1   paramiko.transport: [chan 0] EOF received (0)
DEB [20221201-13:37:28.836] thr=4   paramiko.transport: [chan 1] Max packet in: 32768 bytes
DEB [20221201-13:37:28.839] thr=1   paramiko.transport: [chan 1] Max packet out: 32768 bytes
DEB [20221201-13:37:28.839] thr=1   paramiko.transport: Secsh channel 1 opened.
DEB [20221201-13:37:28.845] thr=1   paramiko.transport: [chan 1] Sesch channel 1 request ok
INF [20221201-13:37:28.870] thr=4   paramiko.transport.sftp: [chan 1] Opened sftp connection (server version 3)
DEB [20221201-13:37:28.870] thr=4   paramiko.transport.sftp: [chan 1] listdir(b'/')
DEB [20221201-13:37:28.877] thr=4   paramiko.transport.sftp: [chan 1] stat(b'/sys')
DEB [20221201-13:37:28.878] thr=4   paramiko.transport.sftp: [chan 1] stat(b'/boot')
DEB [20221201-13:37:28.879] thr=4   paramiko.transport.sftp: [chan 1] stat(b'/proc')
DEB [20221201-13:37:28.880] thr=4   paramiko.transport.sftp: [chan 1] stat(b'/home')
DEB [20221201-13:37:28.881] thr=4   paramiko.transport.sftp: [chan 1] stat(b'/run')
DEB [20221201-13:37:28.882] thr=4   paramiko.transport.sftp: [chan 1] stat(b'/mnt')
DEB [20221201-13:37:28.883] thr=4   paramiko.transport.sftp: [chan 1] stat(b'/srv')
DEB [20221201-13:37:28.884] thr=4   paramiko.transport.sftp: [chan 1] stat(b'/etc')
DEB [20221201-13:37:28.886] thr=4   paramiko.transport.sftp: [chan 1] stat(b'/root')
DEB [20221201-13:37:28.887] thr=4   paramiko.transport.sftp: [chan 1] stat(b'/usr')
DEB [20221201-13:37:28.888] thr=4   paramiko.transport.sftp: [chan 1] stat(b'/lib')
DEB [20221201-13:37:28.889] thr=4   paramiko.transport.sftp: [chan 1] stat(b'/opt')
DEB [20221201-13:37:28.890] thr=4   paramiko.transport.sftp: [chan 1] stat(b'/var')
DEB [20221201-13:37:28.891] thr=4   paramiko.transport.sftp: [chan 1] stat(b'/dev')
DEB [20221201-13:37:28.892] thr=4   paramiko.transport.sftp: [chan 1] stat(b'/bin')
DEB [20221201-13:37:28.893] thr=4   paramiko.transport.sftp: [chan 1] stat(b'/lost+found')
DEB [20221201-13:37:28.894] thr=4   paramiko.transport.sftp: [chan 1] stat(b'/sbin')
DEB [20221201-13:37:28.895] thr=4   paramiko.transport.sftp: [chan 1] stat(b'/tmp')
DEB [20221201-13:37:28.896] thr=4   paramiko.transport.sftp: [chan 1] stat(b'/media')
INF [20221201-13:37:28.897] thr=4   paramiko.transport.sftp: [chan 1] sftp session closed.
DEB [20221201-13:37:28.897] thr=4   paramiko.transport: [chan 1] EOF sent (1)
DEB [20221201-13:37:28.900] thr=1   paramiko.transport: [chan 1] EOF received (1)
DEB [20221201-13:37:30.479] thr=5   paramiko.transport: [chan 2] Max packet in: 32768 bytes
DEB [20221201-13:37:30.481] thr=1   paramiko.transport: [chan 2] Max packet out: 32768 bytes
DEB [20221201-13:37:30.481] thr=1   paramiko.transport: Secsh channel 2 opened.
DEB [20221201-13:37:30.485] thr=1   paramiko.transport: [chan 2] Sesch channel 2 request ok
INF [20221201-13:37:30.519] thr=5   paramiko.transport.sftp: [chan 2] Opened sftp connection (server version 3)
DEB [20221201-13:37:30.519] thr=5   paramiko.transport.sftp: [chan 2] listdir(b'/home')
DEB [20221201-13:37:30.528] thr=5   paramiko.transport.sftp: [chan 2] stat(b'/home/pi')
INF [20221201-13:37:30.530] thr=5   paramiko.transport.sftp: [chan 2] sftp session closed.
DEB [20221201-13:37:30.530] thr=5   paramiko.transport: [chan 2] EOF sent (2)
DEB [20221201-13:37:30.534] thr=1   paramiko.transport: [chan 2] EOF received (2)
DEB [20221201-13:37:31.476] thr=6   paramiko.transport: [chan 3] Max packet in: 32768 bytes
DEB [20221201-13:37:31.478] thr=1   paramiko.transport: [chan 3] Max packet out: 32768 bytes
DEB [20221201-13:37:31.478] thr=1   paramiko.transport: Secsh channel 3 opened.
DEB [20221201-13:37:31.483] thr=1   paramiko.transport: [chan 3] Sesch channel 3 request ok
INF [20221201-13:37:31.518] thr=6   paramiko.transport.sftp: [chan 3] Opened sftp connection (server version 3)
DEB [20221201-13:37:31.518] thr=6   paramiko.transport.sftp: [chan 3] listdir(b'/home/pi')
DEB [20221201-13:37:31.529] thr=6   paramiko.transport.sftp: [chan 3] stat(b'/home/pi/filebackend2')
DEB [20221201-13:37:31.531] thr=6   paramiko.transport.sftp: [chan 3] stat(b'/home/pi/.config')
DEB [20221201-13:37:31.533] thr=6   paramiko.transport.sftp: [chan 3] stat(b'/home/pi/.xsession-errors')
DEB [20221201-13:37:31.534] thr=6   paramiko.transport.sftp: [chan 3] stat(b'/home/pi/Templates')
DEB [20221201-13:37:31.536] thr=6   paramiko.transport.sftp: [chan 3] stat(b'/home/pi/Documents')
DEB [20221201-13:37:31.538] thr=6   paramiko.transport.sftp: [chan 3] stat(b'/home/pi/.bash_history')
DEB [20221201-13:37:31.540] thr=6   paramiko.transport.sftp: [chan 3] stat(b'/home/pi/miraidc2-signage')
DEB [20221201-13:37:31.542] thr=6   paramiko.transport.sftp: [chan 3] stat(b'/home/pi/Desktop')
DEB [20221201-13:37:31.544] thr=6   paramiko.transport.sftp: [chan 3] stat(b'/home/pi/filebackend')
DEB [20221201-13:37:31.546] thr=6   paramiko.transport.sftp: [chan 3] stat(b'/home/pi/.xsession-errors.old')
DEB [20221201-13:37:31.550] thr=6   paramiko.transport.sftp: [chan 3] stat(b'/home/pi/.npm')
DEB [20221201-13:37:31.552] thr=6   paramiko.transport.sftp: [chan 3] stat(b'/home/pi/.local')
DEB [20221201-13:37:31.553] thr=6   paramiko.transport.sftp: [chan 3] stat(b'/home/pi/.vnc')
DEB [20221201-13:37:31.555] thr=6   paramiko.transport.sftp: [chan 3] stat(b'/home/pi/.lesshst')
DEB [20221201-13:37:31.557] thr=6   paramiko.transport.sftp: [chan 3] stat(b'/home/pi/index.php')
DEB [20221201-13:37:31.559] thr=6   paramiko.transport.sftp: [chan 3] stat(b'/home/pi/.pp_backup')
DEB [20221201-13:37:31.561] thr=6   paramiko.transport.sftp: [chan 3] stat(b'/home/pi/Bookshelf')
DEB [20221201-13:37:31.565] thr=6   paramiko.transport.sftp: [chan 3] stat(b'/home/pi/Public')
DEB [20221201-13:37:31.567] thr=6   paramiko.transport.sftp: [chan 3] stat(b'/home/pi/.cups.zip')
DEB [20221201-13:37:31.572] thr=6   paramiko.transport.sftp: [chan 3] stat(b'/home/pi/.cups')
DEB [20221201-13:37:31.574] thr=6   paramiko.transport.sftp: [chan 3] stat(b'/home/pi/Videos')
DEB [20221201-13:37:31.576] thr=6   paramiko.transport.sftp: [chan 3] stat(b'/home/pi/.bashrc')
DEB [20221201-13:37:31.580] thr=6   paramiko.transport.sftp: [chan 3] stat(b'/home/pi/.Xauthority')
DEB [20221201-13:37:31.582] thr=6   paramiko.transport.sftp: [chan 3] stat(b'/home/pi/Pictures')
DEB [20221201-13:37:31.583] thr=6   paramiko.transport.sftp: [chan 3] stat(b'/home/pi/.bash_logout')
DEB [20221201-13:37:31.585] thr=6   paramiko.transport.sftp: [chan 3] stat(b'/home/pi/.pki')
DEB [20221201-13:37:31.588] thr=6   paramiko.transport.sftp: [chan 3] stat(b'/home/pi/.python_history')
DEB [20221201-13:37:31.590] thr=6   paramiko.transport.sftp: [chan 3] stat(b'/home/pi/.cache')
DEB [20221201-13:37:31.591] thr=6   paramiko.transport.sftp: [chan 3] stat(b'/home/pi/Downloads')
DEB [20221201-13:37:31.594] thr=6   paramiko.transport.sftp: [chan 3] stat(b'/home/pi/Music')
INF [20221201-13:37:31.597] thr=6   paramiko.transport.sftp: [chan 3] sftp session closed.
DEB [20221201-13:37:31.597] thr=6   paramiko.transport: [chan 3] EOF sent (3)
DEB [20221201-13:37:31.599] thr=1   paramiko.transport: [chan 3] EOF received (3)
DEB [20221201-13:37:33.474] thr=7   paramiko.transport: [chan 4] Max packet in: 32768 bytes
DEB [20221201-13:37:33.475] thr=1   paramiko.transport: [chan 4] Max packet out: 32768 bytes
DEB [20221201-13:37:33.475] thr=1   paramiko.transport: Secsh channel 4 opened.
DEB [20221201-13:37:33.480] thr=1   paramiko.transport: [chan 4] Sesch channel 4 request ok
INF [20221201-13:37:33.511] thr=7   paramiko.transport.sftp: [chan 4] Opened sftp connection (server version 3)
DEB [20221201-13:37:33.511] thr=7   paramiko.transport.sftp: [chan 4] listdir(b'/home/pi/Downloads')
DEB [20221201-13:37:33.518] thr=7   paramiko.transport.sftp: [chan 4] stat(b'/home/pi/Downloads/37+Wireless+Fundamentals+Lab+Exercises')
DEB [20221201-13:37:33.520] thr=7   paramiko.transport.sftp: [chan 4] stat(b'/home/pi/Downloads/FileZilla.dmg')
DEB [20221201-13:37:33.521] thr=7   paramiko.transport.sftp: [chan 4] stat(b'/home/pi/Downloads/tesst')
DEB [20221201-13:37:33.522] thr=7   paramiko.transport.sftp: [chan 4] stat(b'/home/pi/Downloads/access_log.13.gz')
DEB [20221201-13:37:33.524] thr=7   paramiko.transport.sftp: [chan 4] stat(b'/home/pi/Downloads/JLPT_Senseis_N3_Grammar_Deck.apkg')
DEB [20221201-13:37:33.525] thr=7   paramiko.transport.sftp: [chan 4] stat(b'/home/pi/Downloads/top_img01_idc2.png')
DEB [20221201-13:37:33.526] thr=7   paramiko.transport.sftp: [chan 4] stat(b'/home/pi/Downloads/.DS_Store')
DEB [20221201-13:37:33.528] thr=7   paramiko.transport.sftp: [chan 4] stat(b'/home/pi/Downloads/ubuntu-22.04.1-live-server-arm64.iso')
INF [20221201-13:37:33.530] thr=7   paramiko.transport.sftp: [chan 4] sftp session closed.
DEB [20221201-13:37:33.530] thr=7   paramiko.transport: [chan 4] EOF sent (4)
DEB [20221201-13:37:33.534] thr=1   paramiko.transport: [chan 4] EOF received (4)
DEB [20221201-13:37:35.922] thr=8   paramiko.transport: [chan 5] Max packet in: 32768 bytes
DEB [20221201-13:37:35.924] thr=1   paramiko.transport: [chan 5] Max packet out: 32768 bytes
DEB [20221201-13:37:35.926] thr=1   paramiko.transport: Secsh channel 5 opened.
DEB [20221201-13:37:35.934] thr=1   paramiko.transport: [chan 5] Sesch channel 5 request ok
INF [20221201-13:37:35.967] thr=8   paramiko.transport.sftp: [chan 5] Opened sftp connection (server version 3)
DEB [20221201-13:37:35.968] thr=8   paramiko.transport.sftp: [chan 5] stat(b'/home/pi/Downloads/ubuntu-22.04.1-live-server-arm64.iso')
INF [20221201-13:37:35.971] thr=8   paramiko.transport.sftp: [chan 5] sftp session closed.
DEB [20221201-13:37:35.972] thr=8   paramiko.transport: [chan 5] EOF sent (5)
DEB [20221201-13:37:35.976] thr=1   paramiko.transport: [chan 5] EOF received (5)
DEB [20221201-13:37:38.624] thr=9   paramiko.transport: [chan 6] Max packet in: 32768 bytes
DEB [20221201-13:37:38.626] thr=1   paramiko.transport: [chan 6] Max packet out: 32768 bytes
DEB [20221201-13:37:38.626] thr=1   paramiko.transport: Secsh channel 6 opened.
DEB [20221201-13:37:38.631] thr=1   paramiko.transport: [chan 6] Sesch channel 6 request ok
INF [20221201-13:37:38.662] thr=9   paramiko.transport.sftp: [chan 6] Opened sftp connection (server version 3)
DEB [20221201-13:37:38.662] thr=9   paramiko.transport.sftp: [chan 6] stat(b'/home/pi/Downloads/ubuntu-22.04.1-live-server-arm64.iso')
INF [20221201-13:37:38.663] thr=9   paramiko.transport.sftp: [chan 6] sftp session closed.
DEB [20221201-13:37:38.663] thr=9   paramiko.transport: [chan 6] EOF sent (6)
DEB [20221201-13:37:38.666] thr=1   paramiko.transport: [chan 6] EOF received (6)
DEB [20221201-13:37:40.792] thr=10  paramiko.transport: [chan 7] Max packet in: 32768 bytes
DEB [20221201-13:37:40.794] thr=1   paramiko.transport: [chan 7] Max packet out: 32768 bytes
DEB [20221201-13:37:40.795] thr=1   paramiko.transport: Secsh channel 7 opened.
DEB [20221201-13:37:40.801] thr=1   paramiko.transport: [chan 7] Sesch channel 7 request ok
INF [20221201-13:37:40.834] thr=10  paramiko.transport.sftp: [chan 7] Opened sftp connection (server version 3)
DEB [20221201-13:37:40.835] thr=10  paramiko.transport.sftp: [chan 7] stat(b'/home/pi/Downloads/ubuntu-22.04.1-live-server-arm64.iso')
DEB [20221201-13:37:40.837] thr=10  paramiko.transport.sftp: [chan 7] remove(b'/home/pi/Downloads/ubuntu-22.04.1-live-server-arm64.iso')
INF [20221201-13:37:41.333] thr=10  paramiko.transport.sftp: [chan 7] sftp session closed.
DEB [20221201-13:37:41.334] thr=10  paramiko.transport: [chan 7] EOF sent (7)
DEB [20221201-13:37:41.539] thr=11  paramiko.transport: [chan 8] Max packet in: 32768 bytes
DEB [20221201-13:37:41.541] thr=1   paramiko.transport: [chan 8] Max packet out: 32768 bytes
DEB [20221201-13:37:41.541] thr=1   paramiko.transport: Secsh channel 8 opened.
DEB [20221201-13:37:41.544] thr=1   paramiko.transport: [chan 8] Sesch channel 8 request ok
INF [20221201-13:37:41.556] thr=11  paramiko.transport.sftp: [chan 8] Opened sftp connection (server version 3)
DEB [20221201-13:37:41.556] thr=11  paramiko.transport.sftp: [chan 8] listdir(b'/')
DEB [20221201-13:37:41.562] thr=11  paramiko.transport.sftp: [chan 8] stat(b'/sys')
DEB [20221201-13:37:41.563] thr=11  paramiko.transport.sftp: [chan 8] stat(b'/boot')
DEB [20221201-13:37:41.564] thr=11  paramiko.transport.sftp: [chan 8] stat(b'/proc')
DEB [20221201-13:37:41.565] thr=11  paramiko.transport.sftp: [chan 8] stat(b'/home')
DEB [20221201-13:37:41.566] thr=11  paramiko.transport.sftp: [chan 8] stat(b'/run')
DEB [20221201-13:37:41.567] thr=11  paramiko.transport.sftp: [chan 8] stat(b'/mnt')
DEB [20221201-13:37:41.569] thr=11  paramiko.transport.sftp: [chan 8] stat(b'/srv')
DEB [20221201-13:37:41.570] thr=11  paramiko.transport.sftp: [chan 8] stat(b'/etc')
DEB [20221201-13:37:41.571] thr=11  paramiko.transport.sftp: [chan 8] stat(b'/root')
DEB [20221201-13:37:41.572] thr=11  paramiko.transport.sftp: [chan 8] stat(b'/usr')
DEB [20221201-13:37:41.574] thr=11  paramiko.transport.sftp: [chan 8] stat(b'/lib')
DEB [20221201-13:37:41.575] thr=11  paramiko.transport.sftp: [chan 8] stat(b'/opt')
DEB [20221201-13:37:41.576] thr=11  paramiko.transport.sftp: [chan 8] stat(b'/var')
DEB [20221201-13:37:41.577] thr=11  paramiko.transport.sftp: [chan 8] stat(b'/dev')
DEB [20221201-13:37:41.578] thr=11  paramiko.transport.sftp: [chan 8] stat(b'/bin')
DEB [20221201-13:37:41.580] thr=11  paramiko.transport.sftp: [chan 8] stat(b'/lost+found')
DEB [20221201-13:37:41.581] thr=11  paramiko.transport.sftp: [chan 8] stat(b'/sbin')
DEB [20221201-13:37:41.583] thr=11  paramiko.transport.sftp: [chan 8] stat(b'/tmp')
DEB [20221201-13:37:41.585] thr=11  paramiko.transport.sftp: [chan 8] stat(b'/media')
INF [20221201-13:37:41.587] thr=11  paramiko.transport.sftp: [chan 8] sftp session closed.
DEB [20221201-13:37:41.587] thr=11  paramiko.transport: [chan 8] EOF sent (8)
DEB [20221201-13:37:41.590] thr=1   paramiko.transport: [chan 8] EOF received (8)
DEB [20221201-13:37:41.720] thr=12  paramiko.transport: [chan 9] Max packet in: 32768 bytes
DEB [20221201-13:37:41.722] thr=1   paramiko.transport: [chan 9] Max packet out: 32768 bytes
DEB [20221201-13:37:41.722] thr=1   paramiko.transport: Secsh channel 9 opened.
DEB [20221201-13:37:41.725] thr=1   paramiko.transport: [chan 9] Sesch channel 9 request ok
INF [20221201-13:37:41.738] thr=12  paramiko.transport.sftp: [chan 9] Opened sftp connection (server version 3)
DEB [20221201-13:37:41.738] thr=12  paramiko.transport.sftp: [chan 9] listdir(b'/home')
DEB [20221201-13:37:41.745] thr=12  paramiko.transport.sftp: [chan 9] stat(b'/home/pi')
INF [20221201-13:37:41.747] thr=12  paramiko.transport.sftp: [chan 9] sftp session closed.
DEB [20221201-13:37:41.747] thr=12  paramiko.transport: [chan 9] EOF sent (9)
DEB [20221201-13:37:41.751] thr=1   paramiko.transport: [chan 9] EOF received (9)
DEB [20221201-13:37:41.889] thr=13  paramiko.transport: [chan 10] Max packet in: 32768 bytes
DEB [20221201-13:37:41.890] thr=1   paramiko.transport: [chan 10] Max packet out: 32768 bytes
DEB [20221201-13:37:41.890] thr=1   paramiko.transport: Secsh channel 10 opened.
DEB [20221201-13:37:41.893] thr=1   paramiko.transport: [chan 10] Sesch channel 10 request ok
INF [20221201-13:37:41.905] thr=13  paramiko.transport.sftp: [chan 10] Opened sftp connection (server version 3)
DEB [20221201-13:37:41.906] thr=13  paramiko.transport.sftp: [chan 10] listdir(b'/home/pi')
DEB [20221201-13:37:41.914] thr=13  paramiko.transport.sftp: [chan 10] stat(b'/home/pi/filebackend2')
DEB [20221201-13:37:41.916] thr=13  paramiko.transport.sftp: [chan 10] stat(b'/home/pi/.config')
DEB [20221201-13:37:41.917] thr=13  paramiko.transport.sftp: [chan 10] stat(b'/home/pi/.xsession-errors')
DEB [20221201-13:37:41.919] thr=13  paramiko.transport.sftp: [chan 10] stat(b'/home/pi/Templates')
DEB [20221201-13:37:41.921] thr=13  paramiko.transport.sftp: [chan 10] stat(b'/home/pi/Documents')
DEB [20221201-13:37:41.923] thr=13  paramiko.transport.sftp: [chan 10] stat(b'/home/pi/.bash_history')
DEB [20221201-13:37:41.924] thr=13  paramiko.transport.sftp: [chan 10] stat(b'/home/pi/miraidc2-signage')
DEB [20221201-13:37:41.925] thr=13  paramiko.transport.sftp: [chan 10] stat(b'/home/pi/Desktop')
DEB [20221201-13:37:41.926] thr=13  paramiko.transport.sftp: [chan 10] stat(b'/home/pi/filebackend')
DEB [20221201-13:37:41.927] thr=13  paramiko.transport.sftp: [chan 10] stat(b'/home/pi/.xsession-errors.old')
DEB [20221201-13:37:41.928] thr=13  paramiko.transport.sftp: [chan 10] stat(b'/home/pi/.npm')
DEB [20221201-13:37:41.929] thr=13  paramiko.transport.sftp: [chan 10] stat(b'/home/pi/.local')
DEB [20221201-13:37:41.930] thr=13  paramiko.transport.sftp: [chan 10] stat(b'/home/pi/.vnc')
DEB [20221201-13:37:41.931] thr=13  paramiko.transport.sftp: [chan 10] stat(b'/home/pi/.lesshst')
DEB [20221201-13:37:41.933] thr=13  paramiko.transport.sftp: [chan 10] stat(b'/home/pi/index.php')
DEB [20221201-13:37:41.937] thr=13  paramiko.transport.sftp: [chan 10] stat(b'/home/pi/.pp_backup')
DEB [20221201-13:37:41.940] thr=13  paramiko.transport.sftp: [chan 10] stat(b'/home/pi/Bookshelf')
DEB [20221201-13:37:41.942] thr=13  paramiko.transport.sftp: [chan 10] stat(b'/home/pi/Public')
DEB [20221201-13:37:41.943] thr=13  paramiko.transport.sftp: [chan 10] stat(b'/home/pi/.cups.zip')
DEB [20221201-13:37:41.944] thr=13  paramiko.transport.sftp: [chan 10] stat(b'/home/pi/.cups')
DEB [20221201-13:37:41.946] thr=13  paramiko.transport.sftp: [chan 10] stat(b'/home/pi/Videos')
DEB [20221201-13:37:41.948] thr=13  paramiko.transport.sftp: [chan 10] stat(b'/home/pi/.bashrc')
DEB [20221201-13:37:41.949] thr=13  paramiko.transport.sftp: [chan 10] stat(b'/home/pi/.Xauthority')
DEB [20221201-13:37:41.951] thr=13  paramiko.transport.sftp: [chan 10] stat(b'/home/pi/Pictures')
DEB [20221201-13:37:41.952] thr=13  paramiko.transport.sftp: [chan 10] stat(b'/home/pi/.bash_logout')
DEB [20221201-13:37:41.955] thr=13  paramiko.transport.sftp: [chan 10] stat(b'/home/pi/.pki')
DEB [20221201-13:37:41.956] thr=13  paramiko.transport.sftp: [chan 10] stat(b'/home/pi/.python_history')
DEB [20221201-13:37:41.957] thr=13  paramiko.transport.sftp: [chan 10] stat(b'/home/pi/.cache')
DEB [20221201-13:37:41.958] thr=13  paramiko.transport.sftp: [chan 10] stat(b'/home/pi/Downloads')
DEB [20221201-13:37:41.960] thr=13  paramiko.transport.sftp: [chan 10] stat(b'/home/pi/Music')
INF [20221201-13:37:41.962] thr=13  paramiko.transport.sftp: [chan 10] sftp session closed.
DEB [20221201-13:37:41.962] thr=13  paramiko.transport: [chan 10] EOF sent (10)
DEB [20221201-13:37:41.967] thr=1   paramiko.transport: [chan 10] EOF received (10)
DEB [20221201-13:37:42.151] thr=14  paramiko.transport: [chan 11] Max packet in: 32768 bytes
DEB [20221201-13:37:42.152] thr=1   paramiko.transport: [chan 11] Max packet out: 32768 bytes
DEB [20221201-13:37:42.152] thr=1   paramiko.transport: Secsh channel 11 opened.
DEB [20221201-13:37:42.155] thr=1   paramiko.transport: [chan 11] Sesch channel 11 request ok
INF [20221201-13:37:42.167] thr=14  paramiko.transport.sftp: [chan 11] Opened sftp connection (server version 3)
DEB [20221201-13:37:42.167] thr=14  paramiko.transport.sftp: [chan 11] listdir(b'/home/pi/Downloads')
DEB [20221201-13:37:42.173] thr=14  paramiko.transport.sftp: [chan 11] stat(b'/home/pi/Downloads/37+Wireless+Fundamentals+Lab+Exercises')
DEB [20221201-13:37:42.174] thr=14  paramiko.transport.sftp: [chan 11] stat(b'/home/pi/Downloads/FileZilla.dmg')
DEB [20221201-13:37:42.175] thr=14  paramiko.transport.sftp: [chan 11] stat(b'/home/pi/Downloads/tesst')
DEB [20221201-13:37:42.176] thr=14  paramiko.transport.sftp: [chan 11] stat(b'/home/pi/Downloads/access_log.13.gz')
DEB [20221201-13:37:42.178] thr=14  paramiko.transport.sftp: [chan 11] stat(b'/home/pi/Downloads/JLPT_Senseis_N3_Grammar_Deck.apkg')
DEB [20221201-13:37:42.179] thr=14  paramiko.transport.sftp: [chan 11] stat(b'/home/pi/Downloads/top_img01_idc2.png')
DEB [20221201-13:37:42.180] thr=14  paramiko.transport.sftp: [chan 11] stat(b'/home/pi/Downloads/.DS_Store')
INF [20221201-13:37:42.181] thr=14  paramiko.transport.sftp: [chan 11] sftp session closed.
DEB [20221201-13:37:42.181] thr=14  paramiko.transport: [chan 11] EOF sent (11)
DEB [20221201-13:37:42.183] thr=1   paramiko.transport: [chan 11] EOF received (11)
DEB [20221201-13:37:44.090] thr=15  paramiko.transport: [chan 12] Max packet in: 32768 bytes
DEB [20221201-13:37:44.092] thr=1   paramiko.transport: [chan 12] Max packet out: 32768 bytes
DEB [20221201-13:37:44.093] thr=1   paramiko.transport: Secsh channel 12 opened.
DEB [20221201-13:37:44.100] thr=1   paramiko.transport: [chan 12] Sesch channel 12 request ok
INF [20221201-13:37:44.133] thr=15  paramiko.transport.sftp: [chan 12] Opened sftp connection (server version 3)
DEB [20221201-13:37:44.133] thr=15  paramiko.transport.sftp: [chan 12] stat(b'/home/pi/Downloads')
DEB [20221201-13:37:44.136] thr=15  paramiko.transport.sftp: [chan 12] open(b'/home/pi/Downloads/ubuntu-22.04.1-live-server-arm64.iso', 'wb')
DEB [20221201-13:37:44.138] thr=15  paramiko.transport.sftp: [chan 12] open(b'/home/pi/Downloads/ubuntu-22.04.1-live-server-arm64.iso', 'wb') -> 00000000
INF [20221201-13:37:47.556] thr=16  paramiko.transport.sftp: [chan 12] sftp session closed.
DEB [20221201-13:37:47.557] thr=16  paramiko.transport: [chan 12] EOF sent (12)
DEB [20221201-13:37:47.558] thr=15  paramiko.transport.sftp: [chan 12] close(00000000)
DEB [20221201-13:37:47.561] thr=1   paramiko.transport: [chan 12] EOF received (12)
DEB [20221201-13:37:52.497] thr=17  paramiko.transport: [chan 13] Max packet in: 32768 bytes
DEB [20221201-13:37:52.499] thr=1   paramiko.transport: [chan 13] Max packet out: 32768 bytes
DEB [20221201-13:37:52.499] thr=1   paramiko.transport: Secsh channel 13 opened.
DEB [20221201-13:37:52.506] thr=1   paramiko.transport: [chan 13] Sesch channel 13 request ok
INF [20221201-13:37:52.529] thr=17  paramiko.transport.sftp: [chan 13] Opened sftp connection (server version 3)
DEB [20221201-13:37:52.529] thr=17  paramiko.transport.sftp: [chan 13] listdir(b'/')
DEB [20221201-13:37:52.535] thr=17  paramiko.transport.sftp: [chan 13] stat(b'/sys')
DEB [20221201-13:37:52.536] thr=17  paramiko.transport.sftp: [chan 13] stat(b'/boot')
DEB [20221201-13:37:52.537] thr=17  paramiko.transport.sftp: [chan 13] stat(b'/proc')
DEB [20221201-13:37:52.539] thr=17  paramiko.transport.sftp: [chan 13] stat(b'/home')
DEB [20221201-13:37:52.540] thr=17  paramiko.transport.sftp: [chan 13] stat(b'/run')
DEB [20221201-13:37:52.541] thr=17  paramiko.transport.sftp: [chan 13] stat(b'/mnt')
DEB [20221201-13:37:52.543] thr=17  paramiko.transport.sftp: [chan 13] stat(b'/srv')
DEB [20221201-13:37:52.544] thr=17  paramiko.transport.sftp: [chan 13] stat(b'/etc')
DEB [20221201-13:37:52.545] thr=17  paramiko.transport.sftp: [chan 13] stat(b'/root')
DEB [20221201-13:37:52.546] thr=17  paramiko.transport.sftp: [chan 13] stat(b'/usr')
DEB [20221201-13:37:52.547] thr=17  paramiko.transport.sftp: [chan 13] stat(b'/lib')
DEB [20221201-13:37:52.548] thr=17  paramiko.transport.sftp: [chan 13] stat(b'/opt')
DEB [20221201-13:37:52.551] thr=17  paramiko.transport.sftp: [chan 13] stat(b'/var')
DEB [20221201-13:37:52.553] thr=17  paramiko.transport.sftp: [chan 13] stat(b'/dev')
DEB [20221201-13:37:52.554] thr=17  paramiko.transport.sftp: [chan 13] stat(b'/bin')
DEB [20221201-13:37:52.555] thr=17  paramiko.transport.sftp: [chan 13] stat(b'/lost+found')
DEB [20221201-13:37:52.556] thr=17  paramiko.transport.sftp: [chan 13] stat(b'/sbin')
DEB [20221201-13:37:52.558] thr=17  paramiko.transport.sftp: [chan 13] stat(b'/tmp')
DEB [20221201-13:37:52.560] thr=17  paramiko.transport.sftp: [chan 13] stat(b'/media')
INF [20221201-13:37:52.561] thr=17  paramiko.transport.sftp: [chan 13] sftp session closed.
DEB [20221201-13:37:52.561] thr=17  paramiko.transport: [chan 13] EOF sent (13)
DEB [20221201-13:37:52.564] thr=1   paramiko.transport: [chan 13] EOF received (13)
DEB [20221201-13:37:52.712] thr=18  paramiko.transport: [chan 14] Max packet in: 32768 bytes
DEB [20221201-13:37:52.714] thr=1   paramiko.transport: [chan 14] Max packet out: 32768 bytes
DEB [20221201-13:37:52.714] thr=1   paramiko.transport: Secsh channel 14 opened.
DEB [20221201-13:37:52.716] thr=1   paramiko.transport: [chan 14] Sesch channel 14 request ok
INF [20221201-13:37:52.730] thr=18  paramiko.transport.sftp: [chan 14] Opened sftp connection (server version 3)
DEB [20221201-13:37:52.730] thr=18  paramiko.transport.sftp: [chan 14] listdir(b'/home')
DEB [20221201-13:37:52.737] thr=18  paramiko.transport.sftp: [chan 14] stat(b'/home/pi')
INF [20221201-13:37:52.738] thr=18  paramiko.transport.sftp: [chan 14] sftp session closed.
DEB [20221201-13:37:52.738] thr=18  paramiko.transport: [chan 14] EOF sent (14)
DEB [20221201-13:37:52.740] thr=1   paramiko.transport: [chan 14] EOF received (14)
DEB [20221201-13:37:52.878] thr=19  paramiko.transport: [chan 15] Max packet in: 32768 bytes
DEB [20221201-13:37:52.879] thr=1   paramiko.transport: [chan 15] Max packet out: 32768 bytes
DEB [20221201-13:37:52.879] thr=1   paramiko.transport: Secsh channel 15 opened.
DEB [20221201-13:37:52.881] thr=1   paramiko.transport: [chan 15] Sesch channel 15 request ok
INF [20221201-13:37:52.895] thr=19  paramiko.transport.sftp: [chan 15] Opened sftp connection (server version 3)
DEB [20221201-13:37:52.895] thr=19  paramiko.transport.sftp: [chan 15] listdir(b'/home/pi')
DEB [20221201-13:37:52.903] thr=19  paramiko.transport.sftp: [chan 15] stat(b'/home/pi/filebackend2')
DEB [20221201-13:37:52.905] thr=19  paramiko.transport.sftp: [chan 15] stat(b'/home/pi/.config')
DEB [20221201-13:37:52.906] thr=19  paramiko.transport.sftp: [chan 15] stat(b'/home/pi/.xsession-errors')
DEB [20221201-13:37:52.908] thr=19  paramiko.transport.sftp: [chan 15] stat(b'/home/pi/Templates')
DEB [20221201-13:37:52.910] thr=19  paramiko.transport.sftp: [chan 15] stat(b'/home/pi/Documents')
DEB [20221201-13:37:52.911] thr=19  paramiko.transport.sftp: [chan 15] stat(b'/home/pi/.bash_history')
DEB [20221201-13:37:52.912] thr=19  paramiko.transport.sftp: [chan 15] stat(b'/home/pi/miraidc2-signage')
DEB [20221201-13:37:52.913] thr=19  paramiko.transport.sftp: [chan 15] stat(b'/home/pi/Desktop')
DEB [20221201-13:37:52.914] thr=19  paramiko.transport.sftp: [chan 15] stat(b'/home/pi/filebackend')
DEB [20221201-13:37:52.915] thr=19  paramiko.transport.sftp: [chan 15] stat(b'/home/pi/.xsession-errors.old')
DEB [20221201-13:37:52.917] thr=19  paramiko.transport.sftp: [chan 15] stat(b'/home/pi/.npm')
DEB [20221201-13:37:52.919] thr=19  paramiko.transport.sftp: [chan 15] stat(b'/home/pi/.local')
DEB [20221201-13:37:52.920] thr=19  paramiko.transport.sftp: [chan 15] stat(b'/home/pi/.vnc')
DEB [20221201-13:37:52.922] thr=19  paramiko.transport.sftp: [chan 15] stat(b'/home/pi/.lesshst')
DEB [20221201-13:37:52.923] thr=19  paramiko.transport.sftp: [chan 15] stat(b'/home/pi/index.php')
DEB [20221201-13:37:52.924] thr=19  paramiko.transport.sftp: [chan 15] stat(b'/home/pi/.pp_backup')
DEB [20221201-13:37:52.925] thr=19  paramiko.transport.sftp: [chan 15] stat(b'/home/pi/Bookshelf')
DEB [20221201-13:37:52.927] thr=19  paramiko.transport.sftp: [chan 15] stat(b'/home/pi/Public')
DEB [20221201-13:37:52.928] thr=19  paramiko.transport.sftp: [chan 15] stat(b'/home/pi/.cups.zip')
DEB [20221201-13:37:52.929] thr=19  paramiko.transport.sftp: [chan 15] stat(b'/home/pi/.cups')
DEB [20221201-13:37:52.930] thr=19  paramiko.transport.sftp: [chan 15] stat(b'/home/pi/Videos')
DEB [20221201-13:37:52.931] thr=19  paramiko.transport.sftp: [chan 15] stat(b'/home/pi/.bashrc')
DEB [20221201-13:37:52.934] thr=19  paramiko.transport.sftp: [chan 15] stat(b'/home/pi/.Xauthority')
DEB [20221201-13:37:52.935] thr=19  paramiko.transport.sftp: [chan 15] stat(b'/home/pi/Pictures')
DEB [20221201-13:37:52.936] thr=19  paramiko.transport.sftp: [chan 15] stat(b'/home/pi/.bash_logout')
DEB [20221201-13:37:52.937] thr=19  paramiko.transport.sftp: [chan 15] stat(b'/home/pi/.pki')
DEB [20221201-13:37:52.939] thr=19  paramiko.transport.sftp: [chan 15] stat(b'/home/pi/.python_history')
DEB [20221201-13:37:52.941] thr=19  paramiko.transport.sftp: [chan 15] stat(b'/home/pi/.cache')
DEB [20221201-13:37:52.943] thr=19  paramiko.transport.sftp: [chan 15] stat(b'/home/pi/Downloads')
DEB [20221201-13:37:52.944] thr=19  paramiko.transport.sftp: [chan 15] stat(b'/home/pi/Music')
INF [20221201-13:37:52.946] thr=19  paramiko.transport.sftp: [chan 15] sftp session closed.
DEB [20221201-13:37:52.946] thr=19  paramiko.transport: [chan 15] EOF sent (15)
DEB [20221201-13:37:52.953] thr=1   paramiko.transport: [chan 15] EOF received (15)
DEB [20221201-13:37:53.122] thr=20  paramiko.transport: [chan 16] Max packet in: 32768 bytes
DEB [20221201-13:37:53.124] thr=1   paramiko.transport: [chan 16] Max packet out: 32768 bytes
DEB [20221201-13:37:53.124] thr=1   paramiko.transport: Secsh channel 16 opened.
DEB [20221201-13:37:53.127] thr=1   paramiko.transport: [chan 16] Sesch channel 16 request ok
INF [20221201-13:37:53.139] thr=20  paramiko.transport.sftp: [chan 16] Opened sftp connection (server version 3)
DEB [20221201-13:37:53.139] thr=20  paramiko.transport.sftp: [chan 16] listdir(b'/home/pi/Downloads')
DEB [20221201-13:37:53.143] thr=20  paramiko.transport.sftp: [chan 16] stat(b'/home/pi/Downloads/37+Wireless+Fundamentals+Lab+Exercises')
DEB [20221201-13:37:53.144] thr=20  paramiko.transport.sftp: [chan 16] stat(b'/home/pi/Downloads/FileZilla.dmg')
DEB [20221201-13:37:53.145] thr=20  paramiko.transport.sftp: [chan 16] stat(b'/home/pi/Downloads/tesst')
DEB [20221201-13:37:53.146] thr=20  paramiko.transport.sftp: [chan 16] stat(b'/home/pi/Downloads/access_log.13.gz')
DEB [20221201-13:37:53.147] thr=20  paramiko.transport.sftp: [chan 16] stat(b'/home/pi/Downloads/JLPT_Senseis_N3_Grammar_Deck.apkg')
DEB [20221201-13:37:53.148] thr=20  paramiko.transport.sftp: [chan 16] stat(b'/home/pi/Downloads/top_img01_idc2.png')
DEB [20221201-13:37:53.149] thr=20  paramiko.transport.sftp: [chan 16] stat(b'/home/pi/Downloads/.DS_Store')
DEB [20221201-13:37:53.151] thr=20  paramiko.transport.sftp: [chan 16] stat(b'/home/pi/Downloads/ubuntu-22.04.1-live-server-arm64.iso')
INF [20221201-13:37:53.153] thr=20  paramiko.transport.sftp: [chan 16] sftp session closed.
DEB [20221201-13:37:53.153] thr=20  paramiko.transport: [chan 16] EOF sent (16)
DEB [20221201-13:37:53.155] thr=1   paramiko.transport: [chan 16] EOF received (16)
DEB [20221201-13:37:54.612] thr=21  paramiko.transport: [chan 17] Max packet in: 32768 bytes
DEB [20221201-13:37:54.614] thr=1   paramiko.transport: [chan 17] Max packet out: 32768 bytes
DEB [20221201-13:37:54.614] thr=1   paramiko.transport: Secsh channel 17 opened.
DEB [20221201-13:37:54.622] thr=1   paramiko.transport: [chan 17] Sesch channel 17 request ok
INF [20221201-13:37:54.655] thr=21  paramiko.transport.sftp: [chan 17] Opened sftp connection (server version 3)
DEB [20221201-13:37:54.655] thr=21  paramiko.transport.sftp: [chan 17] stat(b'/home/pi/Downloads/ubuntu-22.04.1-live-server-arm64.iso')
INF [20221201-13:37:54.657] thr=21  paramiko.transport.sftp: [chan 17] sftp session closed.
DEB [20221201-13:37:54.657] thr=21  paramiko.transport: [chan 17] EOF sent (17)
DEB [20221201-13:37:54.660] thr=1   paramiko.transport: [chan 17] EOF received (17)
DEB [20221201-13:37:56.499] thr=22  paramiko.transport: [chan 18] Max packet in: 32768 bytes
DEB [20221201-13:37:56.502] thr=1   paramiko.transport: [chan 18] Max packet out: 32768 bytes
DEB [20221201-13:37:56.502] thr=1   paramiko.transport: Secsh channel 18 opened.
DEB [20221201-13:37:56.509] thr=1   paramiko.transport: [chan 18] Sesch channel 18 request ok
INF [20221201-13:37:56.543] thr=22  paramiko.transport.sftp: [chan 18] Opened sftp connection (server version 3)
DEB [20221201-13:37:56.544] thr=22  paramiko.transport.sftp: [chan 18] listdir(b'/')
DEB [20221201-13:37:56.558] thr=22  paramiko.transport.sftp: [chan 18] stat(b'/sys')
DEB [20221201-13:37:56.560] thr=22  paramiko.transport.sftp: [chan 18] stat(b'/boot')
DEB [20221201-13:37:56.562] thr=22  paramiko.transport.sftp: [chan 18] stat(b'/proc')
DEB [20221201-13:37:56.565] thr=22  paramiko.transport.sftp: [chan 18] stat(b'/home')
DEB [20221201-13:37:56.566] thr=22  paramiko.transport.sftp: [chan 18] stat(b'/run')
DEB [20221201-13:37:56.568] thr=22  paramiko.transport.sftp: [chan 18] stat(b'/mnt')
DEB [20221201-13:37:56.572] thr=22  paramiko.transport.sftp: [chan 18] stat(b'/srv')
DEB [20221201-13:37:56.575] thr=22  paramiko.transport.sftp: [chan 18] stat(b'/etc')
DEB [20221201-13:37:56.578] thr=22  paramiko.transport.sftp: [chan 18] stat(b'/root')
DEB [20221201-13:37:56.581] thr=22  paramiko.transport.sftp: [chan 18] stat(b'/usr')
DEB [20221201-13:37:56.590] thr=22  paramiko.transport.sftp: [chan 18] stat(b'/lib')
DEB [20221201-13:37:56.593] thr=22  paramiko.transport.sftp: [chan 18] stat(b'/opt')
DEB [20221201-13:37:56.596] thr=22  paramiko.transport.sftp: [chan 18] stat(b'/var')
DEB [20221201-13:37:56.599] thr=22  paramiko.transport.sftp: [chan 18] stat(b'/dev')
DEB [20221201-13:37:56.604] thr=22  paramiko.transport.sftp: [chan 18] stat(b'/bin')
DEB [20221201-13:37:56.610] thr=22  paramiko.transport.sftp: [chan 18] stat(b'/lost+found')
DEB [20221201-13:37:56.613] thr=22  paramiko.transport.sftp: [chan 18] stat(b'/sbin')
DEB [20221201-13:37:56.614] thr=22  paramiko.transport.sftp: [chan 18] stat(b'/tmp')
DEB [20221201-13:37:56.616] thr=22  paramiko.transport.sftp: [chan 18] stat(b'/media')
INF [20221201-13:37:56.618] thr=22  paramiko.transport.sftp: [chan 18] sftp session closed.
DEB [20221201-13:37:56.618] thr=22  paramiko.transport: [chan 18] EOF sent (18)
DEB [20221201-13:37:56.622] thr=1   paramiko.transport: [chan 18] EOF received (18)
DEB [20221201-13:37:56.779] thr=23  paramiko.transport: [chan 19] Max packet in: 32768 bytes
DEB [20221201-13:37:56.781] thr=1   paramiko.transport: [chan 19] Max packet out: 32768 bytes
DEB [20221201-13:37:56.781] thr=1   paramiko.transport: Secsh channel 19 opened.
DEB [20221201-13:37:56.787] thr=1   paramiko.transport: [chan 19] Sesch channel 19 request ok
INF [20221201-13:37:56.818] thr=23  paramiko.transport.sftp: [chan 19] Opened sftp connection (server version 3)
DEB [20221201-13:37:56.819] thr=23  paramiko.transport.sftp: [chan 19] listdir(b'/home')
DEB [20221201-13:37:56.825] thr=23  paramiko.transport.sftp: [chan 19] stat(b'/home/pi')
INF [20221201-13:37:56.827] thr=23  paramiko.transport.sftp: [chan 19] sftp session closed.
DEB [20221201-13:37:56.827] thr=23  paramiko.transport: [chan 19] EOF sent (19)
DEB [20221201-13:37:56.829] thr=1   paramiko.transport: [chan 19] EOF received (19)
DEB [20221201-13:37:56.959] thr=24  paramiko.transport: [chan 20] Max packet in: 32768 bytes
DEB [20221201-13:37:56.961] thr=1   paramiko.transport: [chan 20] Max packet out: 32768 bytes
DEB [20221201-13:37:56.962] thr=1   paramiko.transport: Secsh channel 20 opened.
DEB [20221201-13:37:56.967] thr=1   paramiko.transport: [chan 20] Sesch channel 20 request ok
INF [20221201-13:37:56.996] thr=24  paramiko.transport.sftp: [chan 20] Opened sftp connection (server version 3)
DEB [20221201-13:37:56.997] thr=24  paramiko.transport.sftp: [chan 20] listdir(b'/home/pi')
DEB [20221201-13:37:57.008] thr=24  paramiko.transport.sftp: [chan 20] stat(b'/home/pi/filebackend2')
DEB [20221201-13:37:57.010] thr=24  paramiko.transport.sftp: [chan 20] stat(b'/home/pi/.config')
DEB [20221201-13:37:57.011] thr=24  paramiko.transport.sftp: [chan 20] stat(b'/home/pi/.xsession-errors')
DEB [20221201-13:37:57.013] thr=24  paramiko.transport.sftp: [chan 20] stat(b'/home/pi/Templates')
DEB [20221201-13:37:57.014] thr=24  paramiko.transport.sftp: [chan 20] stat(b'/home/pi/Documents')
DEB [20221201-13:37:57.015] thr=24  paramiko.transport.sftp: [chan 20] stat(b'/home/pi/.bash_history')
DEB [20221201-13:37:57.017] thr=24  paramiko.transport.sftp: [chan 20] stat(b'/home/pi/miraidc2-signage')
DEB [20221201-13:37:57.020] thr=24  paramiko.transport.sftp: [chan 20] stat(b'/home/pi/Desktop')
DEB [20221201-13:37:57.022] thr=24  paramiko.transport.sftp: [chan 20] stat(b'/home/pi/filebackend')
DEB [20221201-13:37:57.023] thr=24  paramiko.transport.sftp: [chan 20] stat(b'/home/pi/.xsession-errors.old')
DEB [20221201-13:37:57.025] thr=24  paramiko.transport.sftp: [chan 20] stat(b'/home/pi/.npm')
DEB [20221201-13:37:57.026] thr=24  paramiko.transport.sftp: [chan 20] stat(b'/home/pi/.local')
DEB [20221201-13:37:57.027] thr=24  paramiko.transport.sftp: [chan 20] stat(b'/home/pi/.vnc')
DEB [20221201-13:37:57.029] thr=24  paramiko.transport.sftp: [chan 20] stat(b'/home/pi/.lesshst')
DEB [20221201-13:37:57.030] thr=24  paramiko.transport.sftp: [chan 20] stat(b'/home/pi/index.php')
DEB [20221201-13:37:57.031] thr=24  paramiko.transport.sftp: [chan 20] stat(b'/home/pi/.pp_backup')
DEB [20221201-13:37:57.032] thr=24  paramiko.transport.sftp: [chan 20] stat(b'/home/pi/Bookshelf')
DEB [20221201-13:37:57.033] thr=24  paramiko.transport.sftp: [chan 20] stat(b'/home/pi/Public')
DEB [20221201-13:37:57.036] thr=24  paramiko.transport.sftp: [chan 20] stat(b'/home/pi/.cups.zip')
DEB [20221201-13:37:57.039] thr=24  paramiko.transport.sftp: [chan 20] stat(b'/home/pi/.cups')
DEB [20221201-13:37:57.040] thr=24  paramiko.transport.sftp: [chan 20] stat(b'/home/pi/Videos')
DEB [20221201-13:37:57.042] thr=24  paramiko.transport.sftp: [chan 20] stat(b'/home/pi/.bashrc')
DEB [20221201-13:37:57.043] thr=24  paramiko.transport.sftp: [chan 20] stat(b'/home/pi/.Xauthority')
DEB [20221201-13:37:57.045] thr=24  paramiko.transport.sftp: [chan 20] stat(b'/home/pi/Pictures')
DEB [20221201-13:37:57.047] thr=24  paramiko.transport.sftp: [chan 20] stat(b'/home/pi/.bash_logout')
DEB [20221201-13:37:57.048] thr=24  paramiko.transport.sftp: [chan 20] stat(b'/home/pi/.pki')
DEB [20221201-13:37:57.050] thr=24  paramiko.transport.sftp: [chan 20] stat(b'/home/pi/.python_history')
DEB [20221201-13:37:57.053] thr=24  paramiko.transport.sftp: [chan 20] stat(b'/home/pi/.cache')
DEB [20221201-13:37:57.055] thr=24  paramiko.transport.sftp: [chan 20] stat(b'/home/pi/Downloads')
DEB [20221201-13:37:57.057] thr=24  paramiko.transport.sftp: [chan 20] stat(b'/home/pi/Music')
INF [20221201-13:37:57.059] thr=24  paramiko.transport.sftp: [chan 20] sftp session closed.
DEB [20221201-13:37:57.059] thr=24  paramiko.transport: [chan 20] EOF sent (20)
DEB [20221201-13:37:57.063] thr=1   paramiko.transport: [chan 20] EOF received (20)
DEB [20221201-13:37:57.249] thr=25  paramiko.transport: [chan 21] Max packet in: 32768 bytes
DEB [20221201-13:37:57.251] thr=1   paramiko.transport: [chan 21] Max packet out: 32768 bytes
DEB [20221201-13:37:57.251] thr=1   paramiko.transport: Secsh channel 21 opened.
DEB [20221201-13:37:57.257] thr=1   paramiko.transport: [chan 21] Sesch channel 21 request ok
INF [20221201-13:37:57.290] thr=25  paramiko.transport.sftp: [chan 21] Opened sftp connection (server version 3)
DEB [20221201-13:37:57.290] thr=25  paramiko.transport.sftp: [chan 21] listdir(b'/home/pi/Downloads')
DEB [20221201-13:37:57.299] thr=25  paramiko.transport.sftp: [chan 21] stat(b'/home/pi/Downloads/37+Wireless+Fundamentals+Lab+Exercises')
DEB [20221201-13:37:57.303] thr=25  paramiko.transport.sftp: [chan 21] stat(b'/home/pi/Downloads/FileZilla.dmg')
DEB [20221201-13:37:57.306] thr=25  paramiko.transport.sftp: [chan 21] stat(b'/home/pi/Downloads/tesst')
DEB [20221201-13:37:57.308] thr=25  paramiko.transport.sftp: [chan 21] stat(b'/home/pi/Downloads/access_log.13.gz')
DEB [20221201-13:37:57.310] thr=25  paramiko.transport.sftp: [chan 21] stat(b'/home/pi/Downloads/JLPT_Senseis_N3_Grammar_Deck.apkg')
DEB [20221201-13:37:57.311] thr=25  paramiko.transport.sftp: [chan 21] stat(b'/home/pi/Downloads/top_img01_idc2.png')
DEB [20221201-13:37:57.313] thr=25  paramiko.transport.sftp: [chan 21] stat(b'/home/pi/Downloads/.DS_Store')
DEB [20221201-13:37:57.314] thr=25  paramiko.transport.sftp: [chan 21] stat(b'/home/pi/Downloads/ubuntu-22.04.1-live-server-arm64.iso')
INF [20221201-13:37:57.315] thr=25  paramiko.transport.sftp: [chan 21] sftp session closed.
DEB [20221201-13:37:57.316] thr=25  paramiko.transport: [chan 21] EOF sent (21)
DEB [20221201-13:37:57.318] thr=1   paramiko.transport: [chan 21] EOF received (21)
DEB [20221201-13:37:58.955] thr=26  paramiko.transport: [chan 22] Max packet in: 32768 bytes
DEB [20221201-13:37:58.957] thr=1   paramiko.transport: [chan 22] Max packet out: 32768 bytes
DEB [20221201-13:37:58.957] thr=1   paramiko.transport: Secsh channel 22 opened.
DEB [20221201-13:37:58.963] thr=1   paramiko.transport: [chan 22] Sesch channel 22 request ok
INF [20221201-13:37:58.996] thr=26  paramiko.transport.sftp: [chan 22] Opened sftp connection (server version 3)
DEB [20221201-13:37:58.997] thr=26  paramiko.transport.sftp: [chan 22] stat(b'/home/pi/Downloads/ubuntu-22.04.1-live-server-arm64.iso')
INF [20221201-13:37:58.999] thr=26  paramiko.transport.sftp: [chan 22] sftp session closed.
DEB [20221201-13:37:58.999] thr=26  paramiko.transport: [chan 22] EOF sent (22)
DEB [20221201-13:37:59.002] thr=1   paramiko.transport: [chan 22] EOF received (22)
DEB [20221201-13:38:01.478] thr=27  paramiko.transport: [chan 23] Max packet in: 32768 bytes
DEB [20221201-13:38:01.481] thr=1   paramiko.transport: [chan 23] Max packet out: 32768 bytes
DEB [20221201-13:38:01.481] thr=1   paramiko.transport: Secsh channel 23 opened.
DEB [20221201-13:38:01.488] thr=1   paramiko.transport: [chan 23] Sesch channel 23 request ok
INF [20221201-13:38:01.521] thr=27  paramiko.transport.sftp: [chan 23] Opened sftp connection (server version 3)
DEB [20221201-13:38:01.521] thr=27  paramiko.transport.sftp: [chan 23] stat(b'/home/pi/Downloads/ubuntu-22.04.1-live-server-arm64.iso')
INF [20221201-13:38:01.523] thr=27  paramiko.transport.sftp: [chan 23] sftp session closed.
DEB [20221201-13:38:01.523] thr=27  paramiko.transport: [chan 23] EOF sent (23)
DEB [20221201-13:38:01.527] thr=1   paramiko.transport: [chan 23] EOF received (23)
